                                 Started job on |	Sep 08 14:32:52
                             Started mapping on |	Sep 08 14:33:06
                                    Finished on |	Sep 08 14:33:43
       Mapping speed, Million of reads per hour |	475.07

                          Number of input reads |	4882703
                      Average input read length |	198
                                    UNIQUE READS:
                   Uniquely mapped reads number |	4508671
                        Uniquely mapped reads % |	92.34%
                          Average mapped length |	198.34
                       Number of splices: Total |	3154694
            Number of splices: Annotated (sjdb) |	3126019
                       Number of splices: GT/AG |	3121586
                       Number of splices: GC/AG |	25565
                       Number of splices: AT/AC |	3429
               Number of splices: Non-canonical |	4114
                      Mismatch rate per base, % |	0.27%
                         Deletion rate per base |	0.01%
                        Deletion average length |	3.16
                        Insertion rate per base |	0.01%
                       Insertion average length |	1.72
                             MULTI-MAPPING READS:
        Number of reads mapped to multiple loci |	210695
             % of reads mapped to multiple loci |	4.32%
        Number of reads mapped to too many loci |	32788
             % of reads mapped to too many loci |	0.67%
                                  UNMAPPED READS:
  Number of reads unmapped: too many mismatches |	0
       % of reads unmapped: too many mismatches |	0.00%
            Number of reads unmapped: too short |	127711
                 % of reads unmapped: too short |	2.62%
                Number of reads unmapped: other |	2838
                     % of reads unmapped: other |	0.06%
                                  CHIMERIC READS:
                       Number of chimeric reads |	0
                            % of chimeric reads |	0.00%
