                                 Started job on |	Sep 08 14:32:54
                             Started mapping on |	Sep 08 14:33:04
                                    Finished on |	Sep 08 14:33:43
       Mapping speed, Million of reads per hour |	231.81

                          Number of input reads |	2511252
                      Average input read length |	192
                                    UNIQUE READS:
                   Uniquely mapped reads number |	121759
                        Uniquely mapped reads % |	4.85%
                          Average mapped length |	107.37
                       Number of splices: Total |	46283
            Number of splices: Annotated (sjdb) |	45934
                       Number of splices: GT/AG |	45794
                       Number of splices: GC/AG |	347
                       Number of splices: AT/AC |	60
               Number of splices: Non-canonical |	82
                      Mismatch rate per base, % |	0.48%
                         Deletion rate per base |	0.00%
                        Deletion average length |	2.40
                        Insertion rate per base |	0.00%
                       Insertion average length |	1.26
                             MULTI-MAPPING READS:
        Number of reads mapped to multiple loci |	13008
             % of reads mapped to multiple loci |	0.52%
        Number of reads mapped to too many loci |	2455
             % of reads mapped to too many loci |	0.10%
                                  UNMAPPED READS:
  Number of reads unmapped: too many mismatches |	0
       % of reads unmapped: too many mismatches |	0.00%
            Number of reads unmapped: too short |	2373980
                 % of reads unmapped: too short |	94.53%
                Number of reads unmapped: other |	50
                     % of reads unmapped: other |	0.00%
                                  CHIMERIC READS:
                       Number of chimeric reads |	0
                            % of chimeric reads |	0.00%
